0 info it worked if it ends with ok
1 verbose cli [ 'C:\\Program Files\\nodejs\\node.exe',
1 verbose cli   'C:\\Program Files\\nodejs\\node_modules\\npm\\bin\\npm-cli.js',
1 verbose cli   'start' ]
2 info using npm@3.10.10
3 info using node@v6.9.5
4 verbose run-script [ 'prestart', 'start', 'poststart' ]
5 info lifecycle Project@0.0.1~prestart: Project@0.0.1
6 silly lifecycle Project@0.0.1~prestart: no script for prestart, continuing
7 info lifecycle Project@0.0.1~start: Project@0.0.1
8 verbose lifecycle Project@0.0.1~start: unsafe-perm in lifecycle true
9 verbose lifecycle Project@0.0.1~start: PATH: C:\Program Files\nodejs\node_modules\npm\bin\node-gyp-bin;C:\Users\TEMP\Desktop\College\Semester 2\Enterprise Web Dev\Project\node_modules\.bin;C:\ProgramData\Oracle\Java\javapath;C:\Program Files (x86)\NVIDIA Corporation\PhysX\Common;C:\Program Files (x86)\Intel\iCLS Client\;C:\Program Files\Intel\iCLS Client\;C:\windows\system32;C:\windows;C:\windows\System32\Wbem;C:\windows\System32\WindowsPowerShell\v1.0\;C:\Program Files\Intel\Intel(R) Management Engine Components\DAL;C:\Program Files\Intel\Intel(R) Management Engine Components\IPT;C:\Program Files (x86)\Intel\Intel(R) Management Engine Components\DAL;C:\Program Files (x86)\Intel\Intel(R) Management Engine Components\IPT;C:\Program Files (x86)\Intel\OpenCL SDK\2.0\bin\x86;C:\Program Files (x86)\Intel\OpenCL SDK\2.0\bin\x64;C:\Program Files\Intel\WiFi\bin\;C:\Program Files\Common Files\Intel\WirelessCommon\;C:\Program Files (x86)\Heroku\bin;C:\Program Files (x86)\git\cmd;C:\Program Files (x86)\MySQL\MySQL Utilities 1.4.3\;C:\Program Files (x86)\MySQL\MySQL Utilities 1.4.3\Doctrine extensions for PHP\;C:\Program Files (x86)\GtkSharp\2.12\bin;C:\Program Files\nodejs\;C:\Program Files (x86)\Skype\Phone\;D:\appdev\play-2.2.6\;C:\Program Files\Java\jdk.1.8.0_31\bin;D:\appdev\apache-maven-3.3.9\bin;C:\Program Files\Amazon\AWSCLI\;C:\Program Files\Git\cmd;D:\appdev\activator-dist-1.3.12\bin\;C:\Program Files (x86)\Git\cmd;D:\nodejs\;D:\Docker Toolbox;C:\Users\TEMP\AppData\Roaming\npm
10 verbose lifecycle Project@0.0.1~start: CWD: C:\Users\TEMP\Desktop\College\Semester 2\Enterprise Web Dev\Project
11 silly lifecycle Project@0.0.1~start: Args: [ '/d /s /c', 'react-scripts start' ]
12 silly lifecycle Project@0.0.1~start: Returned: code: 3221225786  signal: null
13 info lifecycle Project@0.0.1~start: Failed to exec start script
14 verbose stack Error: Project@0.0.1 start: `react-scripts start`
14 verbose stack Exit status 3221225786
14 verbose stack     at EventEmitter.<anonymous> (C:\Program Files\nodejs\node_modules\npm\lib\utils\lifecycle.js:255:16)
14 verbose stack     at emitTwo (events.js:106:13)
14 verbose stack     at EventEmitter.emit (events.js:191:7)
14 verbose stack     at ChildProcess.<anonymous> (C:\Program Files\nodejs\node_modules\npm\lib\utils\spawn.js:40:14)
14 verbose stack     at emitTwo (events.js:106:13)
14 verbose stack     at ChildProcess.emit (events.js:191:7)
14 verbose stack     at maybeClose (internal/child_process.js:877:16)
14 verbose stack     at Process.ChildProcess._handle.onexit (internal/child_process.js:226:5)
15 verbose pkgid Project@0.0.1
16 verbose cwd C:\Users\TEMP\Desktop\College\Semester 2\Enterprise Web Dev\Project
17 error Windows_NT 6.2.9200
18 error argv "C:\\Program Files\\nodejs\\node.exe" "C:\\Program Files\\nodejs\\node_modules\\npm\\bin\\npm-cli.js" "start"
19 error node v6.9.5
20 error npm  v3.10.10
21 error code ELIFECYCLE
22 error Project@0.0.1 start: `react-scripts start`
22 error Exit status 3221225786
23 error Failed at the Project@0.0.1 start script 'react-scripts start'.
23 error Make sure you have the latest version of node.js and npm installed.
23 error If you do, this is most likely a problem with the Project package,
23 error not with npm itself.
23 error Tell the author that this fails on your system:
23 error     react-scripts start
23 error You can get information on how to open an issue for this project with:
23 error     npm bugs Project
23 error Or if that isn't available, you can get their info via:
23 error     npm owner ls Project
23 error There is likely additional logging output above.
24 verbose exit [ 1, true ]
